<?xml version="1.0" encoding="UTF-8"?>
<!-- Generated by org.testng.reporters.JUnitXMLReporter -->
<testsuite hostname="Vildans-Mac.local" ignored="2" name="Default test" tests="1" failures="0" timestamp="2021-02-24T17:58:47 EST" time="8.337" errors="0">
  <testcase name="verifyForgetPassword" time="0.065" classname="package1.LoginPage"/>
  <testcase name="verifyPageTitle" time="0.0" classname="package1.LoginPage">
    <ignored/>
  </testcase> <!-- verifyPageTitle -->
  <testcase name="login" time="0.0" classname="package1.LoginPage">
    <ignored/>
  </testcase> <!-- login -->
</testsuite> <!-- Default test -->
