<?xml version="1.0" encoding="UTF-8"?>
<!-- Generated by org.testng.reporters.JUnitXMLReporter -->
<testsuite hostname="Vildans-Mac.local" ignored="2" name="Test1" tests="1" failures="0" timestamp="2021-02-20T07:54:40 EST" time="0.126" errors="0">
  <testcase name="t3" time="0.02" classname="package1.FirstTest"/>
  <testcase name="t1" time="0.0" classname="package1.FirstTest">
    <ignored/>
  </testcase> <!-- t1 -->
  <testcase name="t2" time="0.0" classname="package1.FirstTest">
    <ignored/>
  </testcase> <!-- t2 -->
</testsuite> <!-- Test1 -->
