<?xml version="1.0" encoding="UTF-8"?>
<testng-results skipped="0" failed="0" ignored="2" total="3" passed="1">
  <reporter-output>
  </reporter-output>
  <suite name="Default suite" duration-ms="8337" started-at="2021-02-24T17:58:34 EST" finished-at="2021-02-24T17:58:42 EST">
    <groups>
    </groups>
    <test name="Default test" duration-ms="8337" started-at="2021-02-24T17:58:34 EST" finished-at="2021-02-24T17:58:42 EST">
      <class name="package1.LoginPage">
        <test-method status="PASS" signature="setUp()[pri:0, instance:package1.LoginPage@7a1ebcd8]" name="setUp" is-config="true" duration-ms="8009" started-at="2021-02-24T17:58:34 EST" finished-at="2021-02-24T17:58:42 EST">
          <reporter-output>
          </reporter-output>
        </test-method> <!-- setUp -->
        <test-method status="PASS" signature="verifyForgetPassword()[pri:0, instance:package1.LoginPage@7a1ebcd8]" name="verifyForgetPassword" duration-ms="65" started-at="2021-02-24T17:58:42 EST" finished-at="2021-02-24T17:58:42 EST">
          <reporter-output>
          </reporter-output>
        </test-method> <!-- verifyForgetPassword -->
        <test-method status="PASS" signature="terminateBrowser()[pri:0, instance:package1.LoginPage@7a1ebcd8]" name="terminateBrowser" is-config="true" duration-ms="174" started-at="2021-02-24T17:58:42 EST" finished-at="2021-02-24T17:58:42 EST">
          <reporter-output>
          </reporter-output>
        </test-method> <!-- terminateBrowser -->
      </class> <!-- package1.LoginPage -->
    </test> <!-- Default test -->
  </suite> <!-- Default suite -->
</testng-results>
